<?xml version="1.0" encoding="UTF-8"?>
<!-- Generated by org.testng.reporters.JUnitXMLReporter -->
<testsuite ignored="6" hostname="DESKTOP-63TQH7O" failures="0" tests="3" name="Test" time="0.635" errors="0" timestamp="2025-05-13T17:33:35 IST">
  <testcase classname="Day5_13042025.GroupsDEmo" name="test1" time="0.057"/>
  <testcase classname="Day5_13042025.GroupsDEmo" name="test2" time="0.026"/>
  <testcase classname="Day5_13042025.GroupsDEmo" name="test3" time="0.015"/>
  <testcase classname="Day5_13042025.GroupsDEmo" name="test9" time="0.0">
    <ignored/>
  </testcase> <!-- test9 -->
  <testcase classname="Day5_13042025.GroupsDEmo" name="test8" time="0.0">
    <ignored/>
  </testcase> <!-- test8 -->
  <testcase classname="Day5_13042025.GroupsDEmo" name="test7" time="0.0">
    <ignored/>
  </testcase> <!-- test7 -->
  <testcase classname="Day5_13042025.GroupsDEmo" name="test6" time="0.0">
    <ignored/>
  </testcase> <!-- test6 -->
  <testcase classname="Day5_13042025.GroupsDEmo" name="test5" time="0.0">
    <ignored/>
  </testcase> <!-- test5 -->
  <testcase classname="Day5_13042025.GroupsDEmo" name="test4" time="0.0">
    <ignored/>
  </testcase> <!-- test4 -->
</testsuite> <!-- Test -->
