<?xml version="1.0" encoding="UTF-8"?>
<testng-results ignored="0" total="3" passed="3" failed="0" skipped="0">
  <reporter-output>
  </reporter-output>
  <suite started-at="2025-05-15T01:12:45 IST" name="Default suite" finished-at="2025-05-15T01:12:57 IST" duration-ms="12084">
    <groups>
    </groups>
    <test started-at="2025-05-15T01:12:45 IST" name="Default test" finished-at="2025-05-15T01:12:57 IST" duration-ms="12084">
      <class name="Day2_8042025.OrangeHRM_Annotation">
        <test-method is-config="true" signature="Setup()[pri:0, instance:Day2_8042025.OrangeHRM_Annotation@229f66ed]" started-at="2025-05-15T01:12:15 IST" name="Setup" finished-at="2025-05-15T01:12:45 IST" duration-ms="29821" status="PASS">
          <reporter-output>
          </reporter-output>
        </test-method> <!-- Setup -->
        <test-method signature="Login()[pri:1, instance:Day2_8042025.OrangeHRM_Annotation@229f66ed]" started-at="2025-05-15T01:12:45 IST" name="Login" finished-at="2025-05-15T01:12:47 IST" duration-ms="1684" status="PASS">
          <reporter-output>
          </reporter-output>
        </test-method> <!-- Login -->
        <test-method signature="VerifyHomepage()[pri:2, instance:Day2_8042025.OrangeHRM_Annotation@229f66ed]" started-at="2025-05-15T01:12:47 IST" name="VerifyHomepage" finished-at="2025-05-15T01:12:49 IST" duration-ms="2093" status="PASS">
          <reporter-output>
          </reporter-output>
        </test-method> <!-- VerifyHomepage -->
        <test-method signature="logout()[pri:3, instance:Day2_8042025.OrangeHRM_Annotation@229f66ed]" started-at="2025-05-15T01:12:49 IST" name="logout" finished-at="2025-05-15T01:12:57 IST" duration-ms="8124" status="PASS">
          <reporter-output>
          </reporter-output>
        </test-method> <!-- logout -->
        <test-method is-config="true" signature="teardowm()[pri:0, instance:Day2_8042025.OrangeHRM_Annotation@229f66ed]" started-at="2025-05-15T01:12:58 IST" name="teardowm" finished-at="2025-05-15T01:12:59 IST" duration-ms="995" status="PASS">
          <reporter-output>
          </reporter-output>
        </test-method> <!-- teardowm -->
      </class> <!-- Day2_8042025.OrangeHRM_Annotation -->
    </test> <!-- Default test -->
  </suite> <!-- Default suite -->
</testng-results>
