<?xml version="1.0" encoding="UTF-8"?>
<testng-results ignored="0" total="1" passed="1" failed="0" skipped="0">
  <reporter-output>
  </reporter-output>
  <suite started-at="2025-04-28T23:41:08 IST" name="Default suite" finished-at="2025-04-28T23:42:23 IST" duration-ms="75075">
    <groups>
    </groups>
    <test started-at="2025-04-28T23:41:08 IST" name="Default test" finished-at="2025-04-28T23:42:23 IST" duration-ms="75075">
      <class name="Day8_19042025.DataDrivenDemo">
        <test-method signature="ExecutionMethod()[pri:0, instance:Day8_19042025.DataDrivenDemo@4218d6a3]" started-at="2025-04-28T23:41:08 IST" name="ExecutionMethod" finished-at="2025-04-28T23:42:23 IST" duration-ms="74868" status="PASS">
          <reporter-output>
          </reporter-output>
        </test-method> <!-- ExecutionMethod -->
      </class> <!-- Day8_19042025.DataDrivenDemo -->
    </test> <!-- Default test -->
  </suite> <!-- Default suite -->
</testng-results>
