<?xml version="1.0" encoding="UTF-8"?>
<!-- Generated by org.testng.reporters.JUnitXMLReporter -->
<testsuite ignored="0" hostname="DESKTOP-63TQH7O" failures="1" tests="2" name="firefoxtest" time="0.02" errors="0" timestamp="2025-05-14T01:13:40 IST">
  <testcase classname="Day6_15042025.CrossBrowserTesting" name="launchbrowser" time="0.001"/>
  <testcase classname="Day6_15042025.CrossBrowserTesting" name="login" time="0.003">
    <failure type="java.lang.NullPointerException" message="Cannot invoke &amp;quot;org.openqa.selenium.WebDriver.get(String)&amp;quot; because &amp;quot;this.driver&amp;quot; is null">
      <![CDATA[java.lang.NullPointerException: Cannot invoke "org.openqa.selenium.WebDriver.get(String)" because "this.driver" is null
at Day6_15042025.CrossBrowserTesting.login(CrossBrowserTesting.java:42)
at java.base/java.util.ArrayList.forEach(ArrayList.java:1596)
... Removed 29 stack frames]]>
    </failure>
  </testcase> <!-- login -->
</testsuite> <!-- firefoxtest -->
